f:\比特\c_code\datalist\datalist\debug\vc141.pdb
f:\比特\c_code\datalist\datalist\debug\vc141.idb
f:\比特\c_code\datalist\datalist\debug\test.obj
f:\比特\c_code\datalist\datalist\debug\list.obj
f:\比特\c_code\datalist\debug\datalist.pdb
f:\比特\c_code\datalist\datalist\debug\datalist.tlog\cl.command.1.tlog
f:\比特\c_code\datalist\datalist\debug\datalist.tlog\cl.read.1.tlog
f:\比特\c_code\datalist\datalist\debug\datalist.tlog\cl.write.1.tlog
f:\比特\c_code\datalist\datalist\debug\datalist.tlog\link-cvtres.read.1.tlog
f:\比特\c_code\datalist\datalist\debug\datalist.tlog\link-cvtres.write.1.tlog
f:\比特\c_code\datalist\datalist\debug\datalist.tlog\link-rc.read.1.tlog
f:\比特\c_code\datalist\datalist\debug\datalist.tlog\link-rc.write.1.tlog
f:\比特\c_code\datalist\datalist\debug\datalist.tlog\link.9116-cvtres.read.1.tlog
f:\比特\c_code\datalist\datalist\debug\datalist.tlog\link.9116-cvtres.write.1.tlog
f:\比特\c_code\datalist\datalist\debug\datalist.tlog\link.9116-rc.read.1.tlog
f:\比特\c_code\datalist\datalist\debug\datalist.tlog\link.9116-rc.write.1.tlog
f:\比特\c_code\datalist\datalist\debug\datalist.tlog\link.9116.read.1.tlog
f:\比特\c_code\datalist\datalist\debug\datalist.tlog\link.9116.write.1.tlog
f:\比特\c_code\datalist\datalist\debug\datalist.tlog\link.command.1.tlog
f:\比特\c_code\datalist\datalist\debug\datalist.tlog\link.read.1.tlog
f:\比特\c_code\datalist\datalist\debug\datalist.tlog\link.write.1.tlog
